2025-07-08 21:55:26,231 - INFO - Daily Aggregation Service initialized
2025-07-08 21:55:26,239 - INFO - Total session logs: 21
2025-07-08 21:55:26,239 - INFO - Total performance logs: 8
2025-07-08 21:55:26,239 - INFO - Starting continuous aggregation service (interval: 10s)
2025-07-08 21:55:26,316 - INFO - Processing session: 686d450aa15833d5297c7b99
2025-07-08 21:55:26,382 - INFO - Upserted daily log for date 2025-07-08: 686d4675a15833d5297c7ba1
2025-07-08 21:55:26,382 - INFO - Successfully processed session: 686d450aa15833d5297c7b99
2025-07-08 21:55:26,382 - INFO - Processing cycle completed. Processed 1 session.
2025-07-08 21:55:36,491 - INFO - Processing session: 686d4513a15833d5297c7b9a
2025-07-08 21:55:36,626 - INFO - Upserted daily log for date 2025-07-08: 686d467fa15833d5297c7ba2
2025-07-08 21:55:36,626 - INFO - Successfully processed session: 686d4513a15833d5297c7b9a
2025-07-08 21:55:36,626 - INFO - Processing cycle completed. Processed 1 session.
2025-07-08 21:55:46,831 - INFO - Processing session: 686d451aa15833d5297c7b9b
2025-07-08 21:55:47,063 - INFO - Upserted daily log for date 2025-07-08: 686d468aa15833d5297c7ba3
2025-07-08 21:55:47,063 - INFO - Successfully processed session: 686d451aa15833d5297c7b9b
2025-07-08 21:55:47,063 - INFO - Processing cycle completed. Processed 1 session.
2025-07-08 21:55:57,285 - INFO - Processing session: 686d453ba15833d5297c7b9c
2025-07-08 21:55:57,491 - INFO - Upserted daily log for date 2025-07-08: 686d4694a15833d5297c7ba4
2025-07-08 21:55:57,491 - INFO - Successfully processed session: 686d453ba15833d5297c7b9c
2025-07-08 21:55:57,491 - INFO - Processing cycle completed. Processed 1 session.
2025-07-08 21:56:07,668 - INFO - Processing session: 686d4543a15833d5297c7b9d
2025-07-08 21:56:07,884 - INFO - Upserted daily log for date 2025-07-08: 686d469fa15833d5297c7ba5
2025-07-08 21:56:07,884 - INFO - Successfully processed session: 686d4543a15833d5297c7b9d
2025-07-08 21:56:07,884 - INFO - Processing cycle completed. Processed 1 session.
2025-07-08 21:56:18,086 - INFO - Processing session: 686d454ea15833d5297c7b9e
2025-07-08 21:56:18,257 - INFO - Upserted daily log for date 2025-07-08: 686d46a9a15833d5297c7ba6
2025-07-08 21:56:18,258 - INFO - Successfully processed session: 686d454ea15833d5297c7b9e
2025-07-08 21:56:18,258 - INFO - Processing cycle completed. Processed 1 session.
2025-07-08 21:56:28,365 - INFO - Processing session: 686d455aa15833d5297c7b9f
2025-07-08 21:56:28,441 - INFO - Upserted daily log for date 2025-07-08: 686d46b3a15833d5297c7ba7
2025-07-08 21:56:28,441 - INFO - Successfully processed session: 686d455aa15833d5297c7b9f
2025-07-08 21:56:28,441 - INFO - Processing cycle completed. Processed 1 session.
2025-07-08 21:56:39,231 - INFO - No sessions with status 1 found. Current counts - Total: 21, Status 0: 1, Status 1: 0, Status 2: 20, Status -1: 0
2025-07-08 21:56:51,318 - INFO - No sessions with status 1 found. Current counts - Total: 21, Status 0: 1, Status 1: 0, Status 2: 20, Status -1: 0
2025-07-08 21:57:02,328 - INFO - No sessions with status 1 found. Current counts - Total: 21, Status 0: 1, Status 1: 0, Status 2: 20, Status -1: 0
2025-07-08 21:57:13,923 - INFO - No sessions with status 1 found. Current counts - Total: 21, Status 0: 1, Status 1: 0, Status 2: 20, Status -1: 0
2025-07-08 21:57:24,932 - INFO - No sessions with status 1 found. Current counts - Total: 21, Status 0: 1, Status 1: 0, Status 2: 20, Status -1: 0
2025-07-08 21:57:36,021 - INFO - No sessions with status 1 found. Current counts - Total: 21, Status 0: 1, Status 1: 0, Status 2: 20, Status -1: 0
2025-07-08 21:57:46,611 - INFO - No sessions with status 1 found. Current counts - Total: 21, Status 0: 1, Status 1: 0, Status 2: 20, Status -1: 0
2025-07-08 21:57:56,990 - INFO - No sessions with status 1 found. Current counts - Total: 21, Status 0: 1, Status 1: 0, Status 2: 20, Status -1: 0
2025-07-08 21:58:07,547 - INFO - No sessions with status 1 found. Current counts - Total: 21, Status 0: 1, Status 1: 0, Status 2: 20, Status -1: 0
2025-07-08 21:58:17,996 - INFO - No sessions with status 1 found. Current counts - Total: 21, Status 0: 1, Status 1: 0, Status 2: 20, Status -1: 0
2025-07-08 21:58:28,693 - INFO - No sessions with status 1 found. Current counts - Total: 21, Status 0: 1, Status 1: 0, Status 2: 20, Status -1: 0
2025-07-08 21:58:39,233 - INFO - No sessions with status 1 found. Current counts - Total: 21, Status 0: 1, Status 1: 0, Status 2: 20, Status -1: 0
2025-07-08 21:58:49,644 - INFO - No sessions with status 1 found. Current counts - Total: 21, Status 0: 1, Status 1: 0, Status 2: 20, Status -1: 0
2025-07-08 21:59:00,174 - INFO - No sessions with status 1 found. Current counts - Total: 21, Status 0: 1, Status 1: 0, Status 2: 20, Status -1: 0
2025-07-08 21:59:10,905 - INFO - No sessions with status 1 found. Current counts - Total: 21, Status 0: 1, Status 1: 0, Status 2: 20, Status -1: 0
2025-07-08 21:59:22,342 - INFO - No sessions with status 1 found. Current counts - Total: 21, Status 0: 1, Status 1: 0, Status 2: 20, Status -1: 0
2025-07-08 21:59:33,460 - INFO - No sessions with status 1 found. Current counts - Total: 21, Status 0: 1, Status 1: 0, Status 2: 20, Status -1: 0
2025-07-08 21:59:43,861 - INFO - No sessions with status 1 found. Current counts - Total: 21, Status 0: 1, Status 1: 0, Status 2: 20, Status -1: 0
2025-07-08 21:59:54,763 - INFO - No sessions with status 1 found. Current counts - Total: 21, Status 0: 1, Status 1: 0, Status 2: 20, Status -1: 0
2025-07-08 22:00:05,396 - INFO - No sessions with status 1 found. Current counts - Total: 21, Status 0: 1, Status 1: 0, Status 2: 20, Status -1: 0
2025-07-08 22:00:15,784 - INFO - No sessions with status 1 found. Current counts - Total: 21, Status 0: 1, Status 1: 0, Status 2: 20, Status -1: 0
2025-07-08 22:00:26,311 - INFO - No sessions with status 1 found. Current counts - Total: 21, Status 0: 1, Status 1: 0, Status 2: 20, Status -1: 0
2025-07-08 22:00:36,713 - INFO - No sessions with status 1 found. Current counts - Total: 21, Status 0: 1, Status 1: 0, Status 2: 20, Status -1: 0
2025-07-08 22:00:48,088 - INFO - No sessions with status 1 found. Current counts - Total: 21, Status 0: 1, Status 1: 0, Status 2: 20, Status -1: 0
2025-07-08 22:01:01,299 - INFO - No sessions with status 1 found. Current counts - Total: 21, Status 0: 1, Status 1: 0, Status 2: 20, Status -1: 0
2025-07-08 22:01:14,029 - INFO - No sessions with status 1 found. Current counts - Total: 21, Status 0: 1, Status 1: 0, Status 2: 20, Status -1: 0
2025-07-08 22:01:27,280 - INFO - No sessions with status 1 found. Current counts - Total: 21, Status 0: 1, Status 1: 0, Status 2: 20, Status -1: 0
2025-07-08 22:01:39,931 - INFO - No sessions with status 1 found. Current counts - Total: 21, Status 0: 1, Status 1: 0, Status 2: 20, Status -1: 0
2025-07-08 22:01:50,445 - INFO - No sessions with status 1 found. Current counts - Total: 21, Status 0: 1, Status 1: 0, Status 2: 20, Status -1: 0
2025-07-08 22:02:01,483 - INFO - No sessions with status 1 found. Current counts - Total: 21, Status 0: 1, Status 1: 0, Status 2: 20, Status -1: 0
2025-07-08 22:02:13,505 - INFO - No sessions with status 1 found. Current counts - Total: 21, Status 0: 1, Status 1: 0, Status 2: 20, Status -1: 0
2025-07-08 22:02:23,989 - INFO - No sessions with status 1 found. Current counts - Total: 21, Status 0: 1, Status 1: 0, Status 2: 20, Status -1: 0
2025-07-08 22:02:34,313 - INFO - No sessions with status 1 found. Current counts - Total: 21, Status 0: 1, Status 1: 0, Status 2: 20, Status -1: 0
2025-07-08 22:02:44,850 - INFO - No sessions with status 1 found. Current counts - Total: 21, Status 0: 1, Status 1: 0, Status 2: 20, Status -1: 0
2025-07-08 22:02:55,237 - INFO - No sessions with status 1 found. Current counts - Total: 21, Status 0: 1, Status 1: 0, Status 2: 20, Status -1: 0
2025-07-08 22:03:05,576 - INFO - No sessions with status 1 found. Current counts - Total: 21, Status 0: 1, Status 1: 0, Status 2: 20, Status -1: 0
2025-07-08 22:03:17,939 - INFO - No sessions with status 1 found. Current counts - Total: 21, Status 0: 1, Status 1: 0, Status 2: 20, Status -1: 0
2025-07-08 22:03:43,355 - INFO - No sessions with status 1 found. Current counts - Total: 21, Status 0: 1, Status 1: 0, Status 2: 20, Status -1: 0
2025-07-08 22:03:54,914 - INFO - No sessions with status 1 found. Current counts - Total: 21, Status 0: 1, Status 1: 0, Status 2: 20, Status -1: 0
2025-07-08 22:04:08,471 - INFO - No sessions with status 1 found. Current counts - Total: 21, Status 0: 1, Status 1: 0, Status 2: 20, Status -1: 0
2025-07-08 22:04:19,935 - INFO - No sessions with status 1 found. Current counts - Total: 21, Status 0: 1, Status 1: 0, Status 2: 20, Status -1: 0
2025-07-08 22:04:32,406 - INFO - No sessions with status 1 found. Current counts - Total: 21, Status 0: 1, Status 1: 0, Status 2: 20, Status -1: 0
2025-07-08 22:04:46,516 - INFO - No sessions with status 1 found. Current counts - Total: 21, Status 0: 1, Status 1: 0, Status 2: 20, Status -1: 0
2025-07-08 22:04:57,911 - INFO - No sessions with status 1 found. Current counts - Total: 21, Status 0: 1, Status 1: 0, Status 2: 20, Status -1: 0
2025-07-08 22:05:22,336 - INFO - No sessions with status 1 found. Current counts - Total: 21, Status 0: 1, Status 1: 0, Status 2: 20, Status -1: 0
2025-07-08 22:05:33,259 - INFO - No sessions with status 1 found. Current counts - Total: 21, Status 0: 1, Status 1: 0, Status 2: 20, Status -1: 0
2025-07-08 22:05:45,365 - INFO - No sessions with status 1 found. Current counts - Total: 21, Status 0: 1, Status 1: 0, Status 2: 20, Status -1: 0
2025-07-08 22:05:56,208 - INFO - No sessions with status 1 found. Current counts - Total: 21, Status 0: 1, Status 1: 0, Status 2: 20, Status -1: 0
2025-07-08 22:06:06,611 - INFO - No sessions with status 1 found. Current counts - Total: 21, Status 0: 1, Status 1: 0, Status 2: 20, Status -1: 0
2025-07-08 22:06:17,063 - INFO - No sessions with status 1 found. Current counts - Total: 21, Status 0: 1, Status 1: 0, Status 2: 20, Status -1: 0
2025-07-08 22:06:27,743 - INFO - No sessions with status 1 found. Current counts - Total: 21, Status 0: 1, Status 1: 0, Status 2: 20, Status -1: 0
2025-07-08 22:06:38,447 - INFO - No sessions with status 1 found. Current counts - Total: 21, Status 0: 1, Status 1: 0, Status 2: 20, Status -1: 0
2025-07-08 22:06:48,874 - INFO - No sessions with status 1 found. Current counts - Total: 21, Status 0: 1, Status 1: 0, Status 2: 20, Status -1: 0
2025-07-08 22:06:59,263 - INFO - No sessions with status 1 found. Current counts - Total: 21, Status 0: 1, Status 1: 0, Status 2: 20, Status -1: 0
2025-07-08 22:07:09,616 - INFO - No sessions with status 1 found. Current counts - Total: 21, Status 0: 1, Status 1: 0, Status 2: 20, Status -1: 0
2025-07-08 22:07:19,970 - INFO - No sessions with status 1 found. Current counts - Total: 21, Status 0: 1, Status 1: 0, Status 2: 20, Status -1: 0
2025-07-08 22:07:30,349 - INFO - No sessions with status 1 found. Current counts - Total: 21, Status 0: 1, Status 1: 0, Status 2: 20, Status -1: 0
2025-07-08 22:07:40,912 - INFO - No sessions with status 1 found. Current counts - Total: 21, Status 0: 1, Status 1: 0, Status 2: 20, Status -1: 0
2025-07-08 22:07:51,627 - INFO - No sessions with status 1 found. Current counts - Total: 21, Status 0: 1, Status 1: 0, Status 2: 20, Status -1: 0
2025-07-08 22:08:02,520 - INFO - No sessions with status 1 found. Current counts - Total: 21, Status 0: 1, Status 1: 0, Status 2: 20, Status -1: 0
2025-07-08 22:08:13,096 - INFO - No sessions with status 1 found. Current counts - Total: 21, Status 0: 1, Status 1: 0, Status 2: 20, Status -1: 0
2025-07-08 22:08:23,986 - INFO - No sessions with status 1 found. Current counts - Total: 21, Status 0: 1, Status 1: 0, Status 2: 20, Status -1: 0
2025-07-08 22:08:34,978 - INFO - No sessions with status 1 found. Current counts - Total: 21, Status 0: 1, Status 1: 0, Status 2: 20, Status -1: 0
2025-07-08 22:08:45,972 - INFO - No sessions with status 1 found. Current counts - Total: 21, Status 0: 1, Status 1: 0, Status 2: 20, Status -1: 0
2025-07-08 22:08:57,309 - INFO - No sessions with status 1 found. Current counts - Total: 21, Status 0: 1, Status 1: 0, Status 2: 20, Status -1: 0
2025-07-08 22:09:09,364 - INFO - No sessions with status 1 found. Current counts - Total: 21, Status 0: 1, Status 1: 0, Status 2: 20, Status -1: 0
2025-07-08 22:09:20,513 - INFO - No sessions with status 1 found. Current counts - Total: 21, Status 0: 1, Status 1: 0, Status 2: 20, Status -1: 0
2025-07-08 22:09:31,151 - INFO - No sessions with status 1 found. Current counts - Total: 21, Status 0: 1, Status 1: 0, Status 2: 20, Status -1: 0
2025-07-08 22:09:41,704 - INFO - No sessions with status 1 found. Current counts - Total: 21, Status 0: 1, Status 1: 0, Status 2: 20, Status -1: 0
2025-07-08 22:09:52,286 - INFO - No sessions with status 1 found. Current counts - Total: 21, Status 0: 1, Status 1: 0, Status 2: 20, Status -1: 0
2025-07-08 22:10:03,295 - INFO - No sessions with status 1 found. Current counts - Total: 21, Status 0: 1, Status 1: 0, Status 2: 20, Status -1: 0
2025-07-08 22:10:14,373 - INFO - No sessions with status 1 found. Current counts - Total: 21, Status 0: 1, Status 1: 0, Status 2: 20, Status -1: 0
2025-07-08 22:10:25,175 - INFO - No sessions with status 1 found. Current counts - Total: 21, Status 0: 1, Status 1: 0, Status 2: 20, Status -1: 0
2025-07-08 22:10:35,821 - INFO - No sessions with status 1 found. Current counts - Total: 21, Status 0: 1, Status 1: 0, Status 2: 20, Status -1: 0
2025-07-08 22:10:46,210 - INFO - No sessions with status 1 found. Current counts - Total: 21, Status 0: 1, Status 1: 0, Status 2: 20, Status -1: 0
2025-07-08 22:10:56,552 - INFO - No sessions with status 1 found. Current counts - Total: 21, Status 0: 1, Status 1: 0, Status 2: 20, Status -1: 0
2025-07-08 22:11:07,270 - INFO - No sessions with status 1 found. Current counts - Total: 21, Status 0: 1, Status 1: 0, Status 2: 20, Status -1: 0
2025-07-08 22:11:17,638 - INFO - No sessions with status 1 found. Current counts - Total: 21, Status 0: 1, Status 1: 0, Status 2: 20, Status -1: 0
2025-07-08 22:11:28,207 - INFO - No sessions with status 1 found. Current counts - Total: 21, Status 0: 1, Status 1: 0, Status 2: 20, Status -1: 0
2025-07-08 22:11:38,991 - INFO - No sessions with status 1 found. Current counts - Total: 21, Status 0: 1, Status 1: 0, Status 2: 20, Status -1: 0
2025-07-08 22:11:49,755 - INFO - No sessions with status 1 found. Current counts - Total: 21, Status 0: 1, Status 1: 0, Status 2: 20, Status -1: 0
2025-07-08 22:12:00,249 - INFO - No sessions with status 1 found. Current counts - Total: 21, Status 0: 1, Status 1: 0, Status 2: 20, Status -1: 0
2025-07-08 22:12:11,033 - INFO - No sessions with status 1 found. Current counts - Total: 21, Status 0: 1, Status 1: 0, Status 2: 20, Status -1: 0
2025-07-08 22:12:22,127 - INFO - No sessions with status 1 found. Current counts - Total: 21, Status 0: 1, Status 1: 0, Status 2: 20, Status -1: 0
2025-07-08 22:12:33,152 - INFO - No sessions with status 1 found. Current counts - Total: 21, Status 0: 1, Status 1: 0, Status 2: 20, Status -1: 0
2025-07-08 22:12:44,103 - INFO - No sessions with status 1 found. Current counts - Total: 21, Status 0: 1, Status 1: 0, Status 2: 20, Status -1: 0
2025-07-08 22:12:56,034 - INFO - No sessions with status 1 found. Current counts - Total: 21, Status 0: 1, Status 1: 0, Status 2: 20, Status -1: 0
2025-07-08 22:13:06,914 - INFO - No sessions with status 1 found. Current counts - Total: 21, Status 0: 1, Status 1: 0, Status 2: 20, Status -1: 0
2025-07-08 22:13:17,311 - INFO - No sessions with status 1 found. Current counts - Total: 21, Status 0: 1, Status 1: 0, Status 2: 20, Status -1: 0
2025-07-08 22:13:27,808 - INFO - No sessions with status 1 found. Current counts - Total: 21, Status 0: 1, Status 1: 0, Status 2: 20, Status -1: 0
2025-07-08 22:13:38,218 - INFO - No sessions with status 1 found. Current counts - Total: 21, Status 0: 1, Status 1: 0, Status 2: 20, Status -1: 0
2025-07-08 22:13:48,541 - INFO - No sessions with status 1 found. Current counts - Total: 21, Status 0: 1, Status 1: 0, Status 2: 20, Status -1: 0
2025-07-08 22:13:58,964 - INFO - No sessions with status 1 found. Current counts - Total: 21, Status 0: 1, Status 1: 0, Status 2: 20, Status -1: 0
2025-07-08 22:14:09,404 - INFO - No sessions with status 1 found. Current counts - Total: 21, Status 0: 1, Status 1: 0, Status 2: 20, Status -1: 0
2025-07-08 22:14:19,929 - INFO - No sessions with status 1 found. Current counts - Total: 21, Status 0: 1, Status 1: 0, Status 2: 20, Status -1: 0
2025-07-08 22:14:30,563 - INFO - No sessions with status 1 found. Current counts - Total: 21, Status 0: 1, Status 1: 0, Status 2: 20, Status -1: 0
2025-07-08 22:14:40,926 - INFO - No sessions with status 1 found. Current counts - Total: 21, Status 0: 1, Status 1: 0, Status 2: 20, Status -1: 0
2025-07-08 22:14:51,400 - INFO - No sessions with status 1 found. Current counts - Total: 21, Status 0: 1, Status 1: 0, Status 2: 20, Status -1: 0
2025-07-08 22:15:01,892 - INFO - No sessions with status 1 found. Current counts - Total: 21, Status 0: 1, Status 1: 0, Status 2: 20, Status -1: 0
2025-07-08 22:15:12,250 - INFO - No sessions with status 1 found. Current counts - Total: 21, Status 0: 1, Status 1: 0, Status 2: 20, Status -1: 0
2025-07-08 22:15:23,128 - INFO - No sessions with status 1 found. Current counts - Total: 21, Status 0: 1, Status 1: 0, Status 2: 20, Status -1: 0
2025-07-08 22:15:33,747 - INFO - No sessions with status 1 found. Current counts - Total: 21, Status 0: 1, Status 1: 0, Status 2: 20, Status -1: 0
2025-07-08 22:15:44,133 - INFO - No sessions with status 1 found. Current counts - Total: 21, Status 0: 1, Status 1: 0, Status 2: 20, Status -1: 0
2025-07-08 22:15:54,682 - INFO - No sessions with status 1 found. Current counts - Total: 21, Status 0: 1, Status 1: 0, Status 2: 20, Status -1: 0
2025-07-08 22:16:05,302 - INFO - No sessions with status 1 found. Current counts - Total: 21, Status 0: 1, Status 1: 0, Status 2: 20, Status -1: 0
2025-07-08 22:16:15,733 - INFO - No sessions with status 1 found. Current counts - Total: 21, Status 0: 1, Status 1: 0, Status 2: 20, Status -1: 0
2025-07-08 22:16:26,185 - INFO - No sessions with status 1 found. Current counts - Total: 21, Status 0: 1, Status 1: 0, Status 2: 20, Status -1: 0
2025-07-08 22:16:36,598 - INFO - No sessions with status 1 found. Current counts - Total: 21, Status 0: 1, Status 1: 0, Status 2: 20, Status -1: 0
2025-07-08 22:16:46,973 - INFO - No sessions with status 1 found. Current counts - Total: 21, Status 0: 1, Status 1: 0, Status 2: 20, Status -1: 0
2025-07-08 22:16:57,375 - INFO - No sessions with status 1 found. Current counts - Total: 21, Status 0: 1, Status 1: 0, Status 2: 20, Status -1: 0
2025-07-08 22:17:07,777 - INFO - No sessions with status 1 found. Current counts - Total: 21, Status 0: 1, Status 1: 0, Status 2: 20, Status -1: 0
2025-07-08 22:17:18,281 - INFO - No sessions with status 1 found. Current counts - Total: 21, Status 0: 1, Status 1: 0, Status 2: 20, Status -1: 0
2025-07-08 22:17:28,833 - INFO - No sessions with status 1 found. Current counts - Total: 21, Status 0: 1, Status 1: 0, Status 2: 20, Status -1: 0
2025-07-08 22:17:39,302 - INFO - No sessions with status 1 found. Current counts - Total: 21, Status 0: 1, Status 1: 0, Status 2: 20, Status -1: 0
2025-07-08 22:17:49,638 - INFO - No sessions with status 1 found. Current counts - Total: 21, Status 0: 1, Status 1: 0, Status 2: 20, Status -1: 0
2025-07-08 22:17:59,999 - INFO - No sessions with status 1 found. Current counts - Total: 21, Status 0: 1, Status 1: 0, Status 2: 20, Status -1: 0
2025-07-08 22:18:10,466 - INFO - No sessions with status 1 found. Current counts - Total: 21, Status 0: 1, Status 1: 0, Status 2: 20, Status -1: 0
2025-07-08 22:18:20,904 - INFO - No sessions with status 1 found. Current counts - Total: 21, Status 0: 1, Status 1: 0, Status 2: 20, Status -1: 0
2025-07-08 22:18:31,425 - INFO - No sessions with status 1 found. Current counts - Total: 21, Status 0: 1, Status 1: 0, Status 2: 20, Status -1: 0
2025-07-08 22:18:41,982 - INFO - No sessions with status 1 found. Current counts - Total: 21, Status 0: 1, Status 1: 0, Status 2: 20, Status -1: 0
2025-07-08 22:18:52,366 - INFO - No sessions with status 1 found. Current counts - Total: 21, Status 0: 1, Status 1: 0, Status 2: 20, Status -1: 0
2025-07-08 22:19:02,705 - INFO - No sessions with status 1 found. Current counts - Total: 21, Status 0: 1, Status 1: 0, Status 2: 20, Status -1: 0
2025-07-08 22:19:13,044 - INFO - No sessions with status 1 found. Current counts - Total: 21, Status 0: 1, Status 1: 0, Status 2: 20, Status -1: 0
2025-07-08 22:19:23,494 - INFO - No sessions with status 1 found. Current counts - Total: 21, Status 0: 1, Status 1: 0, Status 2: 20, Status -1: 0
2025-07-08 22:19:33,983 - INFO - No sessions with status 1 found. Current counts - Total: 21, Status 0: 1, Status 1: 0, Status 2: 20, Status -1: 0
2025-07-08 22:19:44,535 - INFO - No sessions with status 1 found. Current counts - Total: 21, Status 0: 1, Status 1: 0, Status 2: 20, Status -1: 0
2025-07-08 22:19:55,041 - INFO - No sessions with status 1 found. Current counts - Total: 21, Status 0: 1, Status 1: 0, Status 2: 20, Status -1: 0
2025-07-08 22:20:05,374 - INFO - No sessions with status 1 found. Current counts - Total: 21, Status 0: 1, Status 1: 0, Status 2: 20, Status -1: 0
2025-07-08 22:20:15,955 - INFO - No sessions with status 1 found. Current counts - Total: 21, Status 0: 1, Status 1: 0, Status 2: 20, Status -1: 0
2025-07-08 22:20:26,554 - INFO - No sessions with status 1 found. Current counts - Total: 21, Status 0: 1, Status 1: 0, Status 2: 20, Status -1: 0
2025-07-08 22:20:36,908 - INFO - No sessions with status 1 found. Current counts - Total: 21, Status 0: 1, Status 1: 0, Status 2: 20, Status -1: 0
2025-07-08 22:20:47,387 - INFO - No sessions with status 1 found. Current counts - Total: 21, Status 0: 1, Status 1: 0, Status 2: 20, Status -1: 0
2025-07-08 22:20:57,729 - INFO - No sessions with status 1 found. Current counts - Total: 21, Status 0: 1, Status 1: 0, Status 2: 20, Status -1: 0
2025-07-08 22:20:59,133 - INFO - Received interrupt signal. Shutting down...
2025-07-08 22:20:59,215 - INFO - Database connection closed
